<?xml version="1.0" encoding="UTF-8"?>
<testsuites name="Visium Device 2" time="133.124" tests="1" failures="0" errors="1">
   <testsuite name="Visium Device 2" tests="1" failures="0" errors="1" time="133.124" skipped="0" timestamp="2023-11-24 14:44:36" hostname="macbook - 192.168.1.78" id="Test Suites/Visium Device 2">
      <properties>
         <property name="deviceName" value="9321f298"/>
         <property name="devicePlatform" value=""/>
         <property name="logFolder" value="/Users/macbook/Katalon Studio/Setup 2/Reports/20231124_144408/Visium Device 2/20231124_144411"/>
         <property name="logFiles" value="/Users/macbook/Katalon Studio/Setup 2/Reports/20231124_144408/Visium Device 2/20231124_144411/execution0.log"/>
         <property name="attachments" value=""/>
         <property name="hostName" value="macbook - 192.168.1.78"/>
         <property name="hostAddress" value="192.168.122.200"/>
         <property name="remoteDriverUrl" value="https://farmdemo.visiumlabs.com/wd/hub"/>
         <property name="desiredCapabilities" value="{
  &quot;vf:accessKey&quot;: &quot;brian:54121be2-680f-4acc-b2fd-13228ce956f6&quot;,
  &quot;platformVersion&quot;: &quot;8.1.0&quot;,
  &quot;automationName&quot;: &quot;uiautomator2&quot;,
  &quot;vf:appId&quot;: &quot;3309883&quot;,
  &quot;platformName&quot;: &quot;ANDROID&quot;,
  &quot;udid&quot;: &quot;9321f298&quot;,
  &quot;deviceName&quot;: &quot;9321f298&quot;
}"/>
         <property name="os" value="Mac OS X 64bit"/>
         <property name="katalonVersion" value="8.6.8.208"/>
      </properties>
      <testcase name="Test Cases/TC01_Register Success - Device 2" time="132.913" classname="Test Cases/TC01_Register Success - Device 2" status="ERROR">
         <error type="ERROR" message="Test Cases/TC01_Register Success - Device 2 FAILED.
Reason:
org.openqa.selenium.WebDriverException: Unauthorized
Build info: version: '3.141.59', revision: 'e82be7d358', time: '2018-11-14T08:25:53'
System info: host: 'Baskara-3.local', ip: 'fe80:0:0:0:187f:41b7:5298:11ee%en0', os.name: 'Mac OS X', os.arch: 'x86_64', os.version: '10.16', java.version: '1.8.0_275'
Driver info: com.kms.katalon.core.appium.driver.SwipeableAndroidDriver
Capabilities {app: http://internal:s3Cret@192...., appPackage: com.rimhimstudios.register, automationName: uiautomator2, databaseEnabled: false, desired: {app: http://internal:s3Cret@192...., appPackage: com.rimhimstudios.register, automationName: uiautomator2, deviceName: 9321f298, platformName: android, platformVersion: 8.1.0, server:CONFIG_UUID: a3cddc01-b77c-4db2-a1c6-048..., udid: 9321f298, vf:accessKey: brian:54121be2-680f-4acc-b2..., vf:appId: 3309883, vf:appPackageName: com.rimhimstudios.register, vf:appPackageVersion: 2.0}, deviceApiLevel: 27, deviceManufacturer: samsung, deviceModel: SM-J610F, deviceName: 9321f298, deviceScreenDensity: 320, deviceScreenSize: 720x1480, deviceUDID: 9321f298, javascriptEnabled: true, locationContextEnabled: false, networkConnectionEnabled: true, pixelRatio: 2, platform: LINUX, platformName: Android, platformVersion: 8.1.0, server:CONFIG_UUID: a3cddc01-b77c-4db2-a1c6-048..., statBarHeight: 48, takesScreenshot: true, udid: 9321f298, vf:accessKey: brian:54121be2-680f-4acc-b2..., vf:appId: 3309883, vf:appPackageName: com.rimhimstudios.register, vf:appPackageVersion: 2.0, viewportRect: {height: 1336, left: 0, top: 48, width: 720}, warnings: {}, webStorageEnabled: false}
Session ID: cb606e02-f027-42a1-afe3-a786b25bcd4f
	at org.openqa.selenium.remote.http.W3CHttpResponseCodec.createException(W3CHttpResponseCodec.java:187)
	at org.openqa.selenium.remote.http.W3CHttpResponseCodec.decode(W3CHttpResponseCodec.java:122)
	at org.openqa.selenium.remote.http.W3CHttpResponseCodec.decode(W3CHttpResponseCodec.java:49)
	at org.openqa.selenium.remote.HttpCommandExecutor.execute(HttpCommandExecutor.java:158)
	at io.appium.java_client.remote.AppiumCommandExecutor.execute(AppiumCommandExecutor.java:239)
	at org.openqa.selenium.remote.RemoteWebDriver.execute(RemoteWebDriver.java:552)
	at io.appium.java_client.DefaultGenericMobileDriver.execute(DefaultGenericMobileDriver.java:46)
	at io.appium.java_client.AppiumDriver.execute(AppiumDriver.java:1)
	at io.appium.java_client.android.AndroidDriver.execute(AndroidDriver.java:1)
	at com.kms.katalon.core.appium.driver.SwipeableAndroidDriver.execute(SwipeableAndroidDriver.java:1)
	at io.appium.java_client.AppiumDriver.getContext(AppiumDriver.java:219)
	at com.kms.katalon.core.mobile.helper.MobileScreenCaptor.take(MobileScreenCaptor.java:50)
	at com.kms.katalon.core.helper.screenshot.ScreenCaptor.takeScreenshotAndGetAttributes(ScreenCaptor.java:37)
	at com.kms.katalon.core.mobile.keyword.internal.MobileKeywordMain.stepFailed(MobileKeywordMain.groovy:40)
	at com.kms.katalon.core.mobile.keyword.internal.MobileKeywordMain.runKeyword(MobileKeywordMain.groovy:23)
	at com.kms.katalon.core.mobile.keyword.builtin.SetTextKeyword.setText(SetTextKeyword.groovy:83)
	at com.kms.katalon.core.mobile.keyword.builtin.SetTextKeyword.execute(SetTextKeyword.groovy:66)
	at com.kms.katalon.core.keyword.internal.KeywordExecutor.executeKeywordForPlatform(KeywordExecutor.groovy:74)
	at com.kms.katalon.core.mobile.keyword.MobileBuiltInKeywords.setText(MobileBuiltInKeywords.groovy:1307)
	at com.kms.katalon.core.mobile.keyword.MobileBuiltInKeywords$setText$0.call(Unknown Source)
	at TC01_Register Success - Device 2.run(TC01_Register Success - Device 2:73)
	at com.kms.katalon.core.main.ScriptEngine.run(ScriptEngine.java:194)
	at com.kms.katalon.core.main.ScriptEngine.runScriptAsRawText(ScriptEngine.java:119)
	at com.kms.katalon.core.main.TestCaseExecutor.runScript(TestCaseExecutor.java:448)
	at com.kms.katalon.core.main.TestCaseExecutor.doExecute(TestCaseExecutor.java:439)
	at com.kms.katalon.core.main.TestCaseExecutor.processExecutionPhase(TestCaseExecutor.java:418)
	at com.kms.katalon.core.main.TestCaseExecutor.accessMainPhase(TestCaseExecutor.java:410)
	at com.kms.katalon.core.main.TestCaseExecutor.execute(TestCaseExecutor.java:285)
	at com.kms.katalon.core.common.CommonExecutor.accessTestCaseMainPhase(CommonExecutor.java:65)
	at com.kms.katalon.core.main.TestSuiteExecutor.accessTestSuiteMainPhase(TestSuiteExecutor.java:148)
	at com.kms.katalon.core.main.TestSuiteExecutor.execute(TestSuiteExecutor.java:106)
	at com.kms.katalon.core.main.TestCaseMain.startTestSuite(TestCaseMain.java:187)
	at com.kms.katalon.core.main.TestCaseMain$startTestSuite$0.call(Unknown Source)
	at TempTestSuite1700811851274.run(TempTestSuite1700811851274.groovy:36)
"/>
         <system-out><![CDATA[2023-11-24 14:44:36 - [TEST_CASE][ERROR] - Test Cases/TC01_Register Success - Device 2: Test Cases/TC01_Register Success - Device 2 FAILED.
Reason:
org.openqa.selenium.WebDriverException: Unauthorized
Build info: version: '3.141.59', revision: 'e82be7d358', time: '2018-11-14T08:25:53'
System info: host: 'Baskara-3.local', ip: 'fe80:0:0:0:187f:41b7:5298:11ee%en0', os.name: 'Mac OS X', os.arch: 'x86_64', os.version: '10.16', java.version: '1.8.0_275'
Driver info: com.kms.katalon.core.appium.driver.SwipeableAndroidDriver
Capabilities {app: http://internal:s3Cret@192...., appPackage: com.rimhimstudios.register, automationName: uiautomator2, databaseEnabled: false, desired: {app: http://internal:s3Cret@192...., appPackage: com.rimhimstudios.register, automationName: uiautomator2, deviceName: 9321f298, platformName: android, platformVersion: 8.1.0, server:CONFIG_UUID: a3cddc01-b77c-4db2-a1c6-048..., udid: 9321f298, vf:accessKey: brian:54121be2-680f-4acc-b2..., vf:appId: 3309883, vf:appPackageName: com.rimhimstudios.register, vf:appPackageVersion: 2.0}, deviceApiLevel: 27, deviceManufacturer: samsung, deviceModel: SM-J610F, deviceName: 9321f298, deviceScreenDensity: 320, deviceScreenSize: 720x1480, deviceUDID: 9321f298, javascriptEnabled: true, locationContextEnabled: false, networkConnectionEnabled: true, pixelRatio: 2, platform: LINUX, platformName: Android, platformVersion: 8.1.0, server:CONFIG_UUID: a3cddc01-b77c-4db2-a1c6-048..., statBarHeight: 48, takesScreenshot: true, udid: 9321f298, vf:accessKey: brian:54121be2-680f-4acc-b2..., vf:appId: 3309883, vf:appPackageName: com.rimhimstudios.register, vf:appPackageVersion: 2.0, viewportRect: {height: 1336, left: 0, top: 48, width: 720}, warnings: {}, webStorageEnabled: false}
Session ID: cb606e02-f027-42a1-afe3-a786b25bcd4f
	at org.openqa.selenium.remote.http.W3CHttpResponseCodec.createException(W3CHttpResponseCodec.java:187)
	at org.openqa.selenium.remote.http.W3CHttpResponseCodec.decode(W3CHttpResponseCodec.java:122)
	at org.openqa.selenium.remote.http.W3CHttpResponseCodec.decode(W3CHttpResponseCodec.java:49)
	at org.openqa.selenium.remote.HttpCommandExecutor.execute(HttpCommandExecutor.java:158)
	at io.appium.java_client.remote.AppiumCommandExecutor.execute(AppiumCommandExecutor.java:239)
	at org.openqa.selenium.remote.RemoteWebDriver.execute(RemoteWebDriver.java:552)
	at io.appium.java_client.DefaultGenericMobileDriver.execute(DefaultGenericMobileDriver.java:46)
	at io.appium.java_client.AppiumDriver.execute(AppiumDriver.java:1)
	at io.appium.java_client.android.AndroidDriver.execute(AndroidDriver.java:1)
	at com.kms.katalon.core.appium.driver.SwipeableAndroidDriver.execute(SwipeableAndroidDriver.java:1)
	at io.appium.java_client.AppiumDriver.getContext(AppiumDriver.java:219)
	at com.kms.katalon.core.mobile.helper.MobileScreenCaptor.take(MobileScreenCaptor.java:50)
	at com.kms.katalon.core.helper.screenshot.ScreenCaptor.takeScreenshotAndGetAttributes(ScreenCaptor.java:37)
	at com.kms.katalon.core.mobile.keyword.internal.MobileKeywordMain.stepFailed(MobileKeywordMain.groovy:40)
	at com.kms.katalon.core.mobile.keyword.internal.MobileKeywordMain.runKeyword(MobileKeywordMain.groovy:23)
	at com.kms.katalon.core.mobile.keyword.builtin.SetTextKeyword.setText(SetTextKeyword.groovy:83)
	at com.kms.katalon.core.mobile.keyword.builtin.SetTextKeyword.execute(SetTextKeyword.groovy:66)
	at com.kms.katalon.core.keyword.internal.KeywordExecutor.executeKeywordForPlatform(KeywordExecutor.groovy:74)
	at com.kms.katalon.core.mobile.keyword.MobileBuiltInKeywords.setText(MobileBuiltInKeywords.groovy:1307)
	at com.kms.katalon.core.mobile.keyword.MobileBuiltInKeywords$setText$0.call(Unknown Source)
	at TC01_Register Success - Device 2.run(TC01_Register Success - Device 2:73)
	at com.kms.katalon.core.main.ScriptEngine.run(ScriptEngine.java:194)
	at com.kms.katalon.core.main.ScriptEngine.runScriptAsRawText(ScriptEngine.java:119)
	at com.kms.katalon.core.main.TestCaseExecutor.runScript(TestCaseExecutor.java:448)
	at com.kms.katalon.core.main.TestCaseExecutor.doExecute(TestCaseExecutor.java:439)
	at com.kms.katalon.core.main.TestCaseExecutor.processExecutionPhase(TestCaseExecutor.java:418)
	at com.kms.katalon.core.main.TestCaseExecutor.accessMainPhase(TestCaseExecutor.java:410)
	at com.kms.katalon.core.main.TestCaseExecutor.execute(TestCaseExecutor.java:285)
	at com.kms.katalon.core.common.CommonExecutor.accessTestCaseMainPhase(CommonExecutor.java:65)
	at com.kms.katalon.core.main.TestSuiteExecutor.accessTestSuiteMainPhase(TestSuiteExecutor.java:148)
	at com.kms.katalon.core.main.TestSuiteExecutor.execute(TestSuiteExecutor.java:106)
	at com.kms.katalon.core.main.TestCaseMain.startTestSuite(TestCaseMain.java:187)
	at com.kms.katalon.core.main.TestCaseMain$startTestSuite$0.call(Unknown Source)
	at TempTestSuite1700811851274.run(TempTestSuite1700811851274.groovy:36)


2023-11-24 14:44:36 - [TEST_STEP][PASSED] - visiumFarmHub = "https://farmdemo.visiumlabs.com/wd/hub": null

2023-11-24 14:44:36 - [TEST_STEP][PASSED] - capabilities = new org.openqa.selenium.remote.DesiredCapabilities(): null

2023-11-24 14:44:36 - [TEST_STEP][PASSED] - capabilities.setCapability("deviceName", "9321f298"): null

2023-11-24 14:44:36 - [TEST_STEP][PASSED] - capabilities.setCapability("automationName", "uiautomator2"): null

2023-11-24 14:44:36 - [TEST_STEP][PASSED] - capabilities.setCapability("platformVersion", "8.1.0"): null

2023-11-24 14:44:36 - [TEST_STEP][PASSED] - capabilities.setCapability("platformName", "ANDROID"): null

2023-11-24 14:44:36 - [TEST_STEP][PASSED] - capabilities.setCapability("udid", "9321f298"): null

2023-11-24 14:44:36 - [TEST_STEP][PASSED] - capabilities.setCapability("vf:accessKey", "brian:54121be2-680f-4acc-b2fd-13228ce956f6"): null

2023-11-24 14:44:36 - [TEST_STEP][PASSED] - capabilities.setCapability("vf:appId", "3309883"): null

2023-11-24 14:44:36 - [TEST_STEP][PASSED] - createMobileDriver(ANDROID_DRIVER, capabilities, new java.net.URL(visiumFarmHub)): Unable to get appium status. Root cause (null)

2023-11-24 14:44:56 - [MESSAGE][WARNING] - Unable to get appium status. Root cause (null)

2023-11-24 14:44:57 - [TEST_STEP][PASSED] - tap(findTestObject("Object Repository/android.widget.TextView"), 100): Tapped on element 'Object Repository/android.widget.TextView'

2023-11-24 14:45:03 - [MESSAGE][PASSED] - Tapped on element 'Object Repository/android.widget.TextView'

2023-11-24 14:45:03 - [TEST_STEP][PASSED] - setText(findTestObject("Object Repository/Demo/Name - Text Input"), "DDL AUTOMATION", 10): Text 'DDL AUTOMATION' has been set to element 'Object Repository/Demo/Name - Text Input'

2023-11-24 14:45:11 - [MESSAGE][PASSED] - Text 'DDL AUTOMATION' has been set to element 'Object Repository/Demo/Name - Text Input'

2023-11-24 14:45:11 - [TEST_STEP][PASSED] - setText(findTestObject("Object Repository/Demo/Phone - Text Input"), "0857623527283", 10): Text '0857623527283' has been set to element 'Object Repository/Demo/Phone - Text Input'

2023-11-24 14:45:18 - [MESSAGE][PASSED] - Text '0857623527283' has been set to element 'Object Repository/Demo/Phone - Text Input'

2023-11-24 14:45:18 - [TEST_STEP][PASSED] - setText(findTestObject("Object Repository/Demo/Alternate Phone - Text Input"), "0813623527283", 10): Text '0813623527283' has been set to element 'Object Repository/Demo/Alternate Phone - Text Input'

2023-11-24 14:45:25 - [MESSAGE][PASSED] - Text '0813623527283' has been set to element 'Object Repository/Demo/Alternate Phone - Text Input'

2023-11-24 14:45:25 - [TEST_STEP][PASSED] - setText(findTestObject("Object Repository/Demo/Email - Text Input"), "AUTOMATION@DDL.COM", 10): Text 'AUTOMATION@DDL.COM' has been set to element 'Object Repository/Demo/Email - Text Input'

2023-11-24 14:45:32 - [MESSAGE][PASSED] - Text 'AUTOMATION@DDL.COM' has been set to element 'Object Repository/Demo/Email - Text Input'

2023-11-24 14:45:32 - [TEST_STEP][PASSED] - setText(findTestObject("Object Repository/Demo/Alternate Email - Text Input"), "ROBOT@DDL.COM", 10): Text 'ROBOT@DDL.COM' has been set to element 'Object Repository/Demo/Alternate Email - Text Input'

2023-11-24 14:45:38 - [MESSAGE][PASSED] - Text 'ROBOT@DDL.COM' has been set to element 'Object Repository/Demo/Alternate Email - Text Input'

2023-11-24 14:45:38 - [TEST_STEP][ERROR] - setText(findTestObject("Object Repository/Demo/Allergies - Text Input"), "TEST AUTOMATION", 10): Test Cases/TC01_Register Success - Device 2 FAILED.
Reason:
org.openqa.selenium.WebDriverException: Unauthorized
Build info: version: '3.141.59', revision: 'e82be7d358', time: '2018-11-14T08:25:53'
System info: host: 'Baskara-3.local', ip: 'fe80:0:0:0:187f:41b7:5298:11ee%en0', os.name: 'Mac OS X', os.arch: 'x86_64', os.version: '10.16', java.version: '1.8.0_275'
Driver info: com.kms.katalon.core.appium.driver.SwipeableAndroidDriver
Capabilities {app: http://internal:s3Cret@192...., appPackage: com.rimhimstudios.register, automationName: uiautomator2, databaseEnabled: false, desired: {app: http://internal:s3Cret@192...., appPackage: com.rimhimstudios.register, automationName: uiautomator2, deviceName: 9321f298, platformName: android, platformVersion: 8.1.0, server:CONFIG_UUID: a3cddc01-b77c-4db2-a1c6-048..., udid: 9321f298, vf:accessKey: brian:54121be2-680f-4acc-b2..., vf:appId: 3309883, vf:appPackageName: com.rimhimstudios.register, vf:appPackageVersion: 2.0}, deviceApiLevel: 27, deviceManufacturer: samsung, deviceModel: SM-J610F, deviceName: 9321f298, deviceScreenDensity: 320, deviceScreenSize: 720x1480, deviceUDID: 9321f298, javascriptEnabled: true, locationContextEnabled: false, networkConnectionEnabled: true, pixelRatio: 2, platform: LINUX, platformName: Android, platformVersion: 8.1.0, server:CONFIG_UUID: a3cddc01-b77c-4db2-a1c6-048..., statBarHeight: 48, takesScreenshot: true, udid: 9321f298, vf:accessKey: brian:54121be2-680f-4acc-b2..., vf:appId: 3309883, vf:appPackageName: com.rimhimstudios.register, vf:appPackageVersion: 2.0, viewportRect: {height: 1336, left: 0, top: 48, width: 720}, warnings: {}, webStorageEnabled: false}
Session ID: cb606e02-f027-42a1-afe3-a786b25bcd4f
	at org.openqa.selenium.remote.http.W3CHttpResponseCodec.createException(W3CHttpResponseCodec.java:187)
	at org.openqa.selenium.remote.http.W3CHttpResponseCodec.decode(W3CHttpResponseCodec.java:122)
	at org.openqa.selenium.remote.http.W3CHttpResponseCodec.decode(W3CHttpResponseCodec.java:49)
	at org.openqa.selenium.remote.HttpCommandExecutor.execute(HttpCommandExecutor.java:158)
	at io.appium.java_client.remote.AppiumCommandExecutor.execute(AppiumCommandExecutor.java:239)
	at org.openqa.selenium.remote.RemoteWebDriver.execute(RemoteWebDriver.java:552)
	at io.appium.java_client.DefaultGenericMobileDriver.execute(DefaultGenericMobileDriver.java:46)
	at io.appium.java_client.AppiumDriver.execute(AppiumDriver.java:1)
	at io.appium.java_client.android.AndroidDriver.execute(AndroidDriver.java:1)
	at com.kms.katalon.core.appium.driver.SwipeableAndroidDriver.execute(SwipeableAndroidDriver.java:1)
	at io.appium.java_client.AppiumDriver.getContext(AppiumDriver.java:219)
	at com.kms.katalon.core.mobile.helper.MobileScreenCaptor.take(MobileScreenCaptor.java:50)
	at com.kms.katalon.core.helper.screenshot.ScreenCaptor.takeScreenshotAndGetAttributes(ScreenCaptor.java:37)
	at com.kms.katalon.core.mobile.keyword.internal.MobileKeywordMain.stepFailed(MobileKeywordMain.groovy:40)
	at com.kms.katalon.core.mobile.keyword.internal.MobileKeywordMain.runKeyword(MobileKeywordMain.groovy:23)
	at com.kms.katalon.core.mobile.keyword.builtin.SetTextKeyword.setText(SetTextKeyword.groovy:83)
	at com.kms.katalon.core.mobile.keyword.builtin.SetTextKeyword.execute(SetTextKeyword.groovy:66)
	at com.kms.katalon.core.keyword.internal.KeywordExecutor.executeKeywordForPlatform(KeywordExecutor.groovy:74)
	at com.kms.katalon.core.mobile.keyword.MobileBuiltInKeywords.setText(MobileBuiltInKeywords.groovy:1307)
	at com.kms.katalon.core.mobile.keyword.MobileBuiltInKeywords$setText$0.call(Unknown Source)
	at TC01_Register Success - Device 2.run(TC01_Register Success - Device 2:73)
	at com.kms.katalon.core.main.ScriptEngine.run(ScriptEngine.java:194)
	at com.kms.katalon.core.main.ScriptEngine.runScriptAsRawText(ScriptEngine.java:119)
	at com.kms.katalon.core.main.TestCaseExecutor.runScript(TestCaseExecutor.java:448)
	at com.kms.katalon.core.main.TestCaseExecutor.doExecute(TestCaseExecutor.java:439)
	at com.kms.katalon.core.main.TestCaseExecutor.processExecutionPhase(TestCaseExecutor.java:418)
	at com.kms.katalon.core.main.TestCaseExecutor.accessMainPhase(TestCaseExecutor.java:410)
	at com.kms.katalon.core.main.TestCaseExecutor.execute(TestCaseExecutor.java:285)
	at com.kms.katalon.core.common.CommonExecutor.accessTestCaseMainPhase(CommonExecutor.java:65)
	at com.kms.katalon.core.main.TestSuiteExecutor.accessTestSuiteMainPhase(TestSuiteExecutor.java:148)
	at com.kms.katalon.core.main.TestSuiteExecutor.execute(TestSuiteExecutor.java:106)
	at com.kms.katalon.core.main.TestCaseMain.startTestSuite(TestCaseMain.java:187)
	at com.kms.katalon.core.main.TestCaseMain$startTestSuite$0.call(Unknown Source)
	at TempTestSuite1700811851274.run(TempTestSuite1700811851274.groovy:36)


2023-11-24 14:46:49 - [MESSAGE][ERROR] - Test Cases/TC01_Register Success - Device 2 FAILED.
Reason:
org.openqa.selenium.WebDriverException: Unauthorized
Build info: version: '3.141.59', revision: 'e82be7d358', time: '2018-11-14T08:25:53'
System info: host: 'Baskara-3.local', ip: 'fe80:0:0:0:187f:41b7:5298:11ee%en0', os.name: 'Mac OS X', os.arch: 'x86_64', os.version: '10.16', java.version: '1.8.0_275'
Driver info: com.kms.katalon.core.appium.driver.SwipeableAndroidDriver
Capabilities {app: http://internal:s3Cret@192...., appPackage: com.rimhimstudios.register, automationName: uiautomator2, databaseEnabled: false, desired: {app: http://internal:s3Cret@192...., appPackage: com.rimhimstudios.register, automationName: uiautomator2, deviceName: 9321f298, platformName: android, platformVersion: 8.1.0, server:CONFIG_UUID: a3cddc01-b77c-4db2-a1c6-048..., udid: 9321f298, vf:accessKey: brian:54121be2-680f-4acc-b2..., vf:appId: 3309883, vf:appPackageName: com.rimhimstudios.register, vf:appPackageVersion: 2.0}, deviceApiLevel: 27, deviceManufacturer: samsung, deviceModel: SM-J610F, deviceName: 9321f298, deviceScreenDensity: 320, deviceScreenSize: 720x1480, deviceUDID: 9321f298, javascriptEnabled: true, locationContextEnabled: false, networkConnectionEnabled: true, pixelRatio: 2, platform: LINUX, platformName: Android, platformVersion: 8.1.0, server:CONFIG_UUID: a3cddc01-b77c-4db2-a1c6-048..., statBarHeight: 48, takesScreenshot: true, udid: 9321f298, vf:accessKey: brian:54121be2-680f-4acc-b2..., vf:appId: 3309883, vf:appPackageName: com.rimhimstudios.register, vf:appPackageVersion: 2.0, viewportRect: {height: 1336, left: 0, top: 48, width: 720}, warnings: {}, webStorageEnabled: false}
Session ID: cb606e02-f027-42a1-afe3-a786b25bcd4f
	at org.openqa.selenium.remote.http.W3CHttpResponseCodec.createException(W3CHttpResponseCodec.java:187)
	at org.openqa.selenium.remote.http.W3CHttpResponseCodec.decode(W3CHttpResponseCodec.java:122)
	at org.openqa.selenium.remote.http.W3CHttpResponseCodec.decode(W3CHttpResponseCodec.java:49)
	at org.openqa.selenium.remote.HttpCommandExecutor.execute(HttpCommandExecutor.java:158)
	at io.appium.java_client.remote.AppiumCommandExecutor.execute(AppiumCommandExecutor.java:239)
	at org.openqa.selenium.remote.RemoteWebDriver.execute(RemoteWebDriver.java:552)
	at io.appium.java_client.DefaultGenericMobileDriver.execute(DefaultGenericMobileDriver.java:46)
	at io.appium.java_client.AppiumDriver.execute(AppiumDriver.java:1)
	at io.appium.java_client.android.AndroidDriver.execute(AndroidDriver.java:1)
	at com.kms.katalon.core.appium.driver.SwipeableAndroidDriver.execute(SwipeableAndroidDriver.java:1)
	at io.appium.java_client.AppiumDriver.getContext(AppiumDriver.java:219)
	at com.kms.katalon.core.mobile.helper.MobileScreenCaptor.take(MobileScreenCaptor.java:50)
	at com.kms.katalon.core.helper.screenshot.ScreenCaptor.takeScreenshotAndGetAttributes(ScreenCaptor.java:37)
	at com.kms.katalon.core.mobile.keyword.internal.MobileKeywordMain.stepFailed(MobileKeywordMain.groovy:40)
	at com.kms.katalon.core.mobile.keyword.internal.MobileKeywordMain.runKeyword(MobileKeywordMain.groovy:23)
	at com.kms.katalon.core.mobile.keyword.builtin.SetTextKeyword.setText(SetTextKeyword.groovy:83)
	at com.kms.katalon.core.mobile.keyword.builtin.SetTextKeyword.execute(SetTextKeyword.groovy:66)
	at com.kms.katalon.core.keyword.internal.KeywordExecutor.executeKeywordForPlatform(KeywordExecutor.groovy:74)
	at com.kms.katalon.core.mobile.keyword.MobileBuiltInKeywords.setText(MobileBuiltInKeywords.groovy:1307)
	at com.kms.katalon.core.mobile.keyword.MobileBuiltInKeywords$setText$0.call(Unknown Source)
	at TC01_Register Success - Device 2.run(TC01_Register Success - Device 2:73)
	at com.kms.katalon.core.main.ScriptEngine.run(ScriptEngine.java:194)
	at com.kms.katalon.core.main.ScriptEngine.runScriptAsRawText(ScriptEngine.java:119)
	at com.kms.katalon.core.main.TestCaseExecutor.runScript(TestCaseExecutor.java:448)
	at com.kms.katalon.core.main.TestCaseExecutor.doExecute(TestCaseExecutor.java:439)
	at com.kms.katalon.core.main.TestCaseExecutor.processExecutionPhase(TestCaseExecutor.java:418)
	at com.kms.katalon.core.main.TestCaseExecutor.accessMainPhase(TestCaseExecutor.java:410)
	at com.kms.katalon.core.main.TestCaseExecutor.execute(TestCaseExecutor.java:285)
	at com.kms.katalon.core.common.CommonExecutor.accessTestCaseMainPhase(CommonExecutor.java:65)
	at com.kms.katalon.core.main.TestSuiteExecutor.accessTestSuiteMainPhase(TestSuiteExecutor.java:148)
	at com.kms.katalon.core.main.TestSuiteExecutor.execute(TestSuiteExecutor.java:106)
	at com.kms.katalon.core.main.TestCaseMain.startTestSuite(TestCaseMain.java:187)
	at com.kms.katalon.core.main.TestCaseMain$startTestSuite$0.call(Unknown Source)
	at TempTestSuite1700811851274.run(TempTestSuite1700811851274.groovy:36)]]></system-out>
         <system-err><![CDATA[2023-11-24 14:44:36 - [TEST_CASE][ERROR] - Test Cases/TC01_Register Success - Device 2: Test Cases/TC01_Register Success - Device 2 FAILED.
Reason:
org.openqa.selenium.WebDriverException: Unauthorized
Build info: version: '3.141.59', revision: 'e82be7d358', time: '2018-11-14T08:25:53'
System info: host: 'Baskara-3.local', ip: 'fe80:0:0:0:187f:41b7:5298:11ee%en0', os.name: 'Mac OS X', os.arch: 'x86_64', os.version: '10.16', java.version: '1.8.0_275'
Driver info: com.kms.katalon.core.appium.driver.SwipeableAndroidDriver
Capabilities {app: http://internal:s3Cret@192...., appPackage: com.rimhimstudios.register, automationName: uiautomator2, databaseEnabled: false, desired: {app: http://internal:s3Cret@192...., appPackage: com.rimhimstudios.register, automationName: uiautomator2, deviceName: 9321f298, platformName: android, platformVersion: 8.1.0, server:CONFIG_UUID: a3cddc01-b77c-4db2-a1c6-048..., udid: 9321f298, vf:accessKey: brian:54121be2-680f-4acc-b2..., vf:appId: 3309883, vf:appPackageName: com.rimhimstudios.register, vf:appPackageVersion: 2.0}, deviceApiLevel: 27, deviceManufacturer: samsung, deviceModel: SM-J610F, deviceName: 9321f298, deviceScreenDensity: 320, deviceScreenSize: 720x1480, deviceUDID: 9321f298, javascriptEnabled: true, locationContextEnabled: false, networkConnectionEnabled: true, pixelRatio: 2, platform: LINUX, platformName: Android, platformVersion: 8.1.0, server:CONFIG_UUID: a3cddc01-b77c-4db2-a1c6-048..., statBarHeight: 48, takesScreenshot: true, udid: 9321f298, vf:accessKey: brian:54121be2-680f-4acc-b2..., vf:appId: 3309883, vf:appPackageName: com.rimhimstudios.register, vf:appPackageVersion: 2.0, viewportRect: {height: 1336, left: 0, top: 48, width: 720}, warnings: {}, webStorageEnabled: false}
Session ID: cb606e02-f027-42a1-afe3-a786b25bcd4f
	at org.openqa.selenium.remote.http.W3CHttpResponseCodec.createException(W3CHttpResponseCodec.java:187)
	at org.openqa.selenium.remote.http.W3CHttpResponseCodec.decode(W3CHttpResponseCodec.java:122)
	at org.openqa.selenium.remote.http.W3CHttpResponseCodec.decode(W3CHttpResponseCodec.java:49)
	at org.openqa.selenium.remote.HttpCommandExecutor.execute(HttpCommandExecutor.java:158)
	at io.appium.java_client.remote.AppiumCommandExecutor.execute(AppiumCommandExecutor.java:239)
	at org.openqa.selenium.remote.RemoteWebDriver.execute(RemoteWebDriver.java:552)
	at io.appium.java_client.DefaultGenericMobileDriver.execute(DefaultGenericMobileDriver.java:46)
	at io.appium.java_client.AppiumDriver.execute(AppiumDriver.java:1)
	at io.appium.java_client.android.AndroidDriver.execute(AndroidDriver.java:1)
	at com.kms.katalon.core.appium.driver.SwipeableAndroidDriver.execute(SwipeableAndroidDriver.java:1)
	at io.appium.java_client.AppiumDriver.getContext(AppiumDriver.java:219)
	at com.kms.katalon.core.mobile.helper.MobileScreenCaptor.take(MobileScreenCaptor.java:50)
	at com.kms.katalon.core.helper.screenshot.ScreenCaptor.takeScreenshotAndGetAttributes(ScreenCaptor.java:37)
	at com.kms.katalon.core.mobile.keyword.internal.MobileKeywordMain.stepFailed(MobileKeywordMain.groovy:40)
	at com.kms.katalon.core.mobile.keyword.internal.MobileKeywordMain.runKeyword(MobileKeywordMain.groovy:23)
	at com.kms.katalon.core.mobile.keyword.builtin.SetTextKeyword.setText(SetTextKeyword.groovy:83)
	at com.kms.katalon.core.mobile.keyword.builtin.SetTextKeyword.execute(SetTextKeyword.groovy:66)
	at com.kms.katalon.core.keyword.internal.KeywordExecutor.executeKeywordForPlatform(KeywordExecutor.groovy:74)
	at com.kms.katalon.core.mobile.keyword.MobileBuiltInKeywords.setText(MobileBuiltInKeywords.groovy:1307)
	at com.kms.katalon.core.mobile.keyword.MobileBuiltInKeywords$setText$0.call(Unknown Source)
	at TC01_Register Success - Device 2.run(TC01_Register Success - Device 2:73)
	at com.kms.katalon.core.main.ScriptEngine.run(ScriptEngine.java:194)
	at com.kms.katalon.core.main.ScriptEngine.runScriptAsRawText(ScriptEngine.java:119)
	at com.kms.katalon.core.main.TestCaseExecutor.runScript(TestCaseExecutor.java:448)
	at com.kms.katalon.core.main.TestCaseExecutor.doExecute(TestCaseExecutor.java:439)
	at com.kms.katalon.core.main.TestCaseExecutor.processExecutionPhase(TestCaseExecutor.java:418)
	at com.kms.katalon.core.main.TestCaseExecutor.accessMainPhase(TestCaseExecutor.java:410)
	at com.kms.katalon.core.main.TestCaseExecutor.execute(TestCaseExecutor.java:285)
	at com.kms.katalon.core.common.CommonExecutor.accessTestCaseMainPhase(CommonExecutor.java:65)
	at com.kms.katalon.core.main.TestSuiteExecutor.accessTestSuiteMainPhase(TestSuiteExecutor.java:148)
	at com.kms.katalon.core.main.TestSuiteExecutor.execute(TestSuiteExecutor.java:106)
	at com.kms.katalon.core.main.TestCaseMain.startTestSuite(TestCaseMain.java:187)
	at com.kms.katalon.core.main.TestCaseMain$startTestSuite$0.call(Unknown Source)
	at TempTestSuite1700811851274.run(TempTestSuite1700811851274.groovy:36)]]></system-err>
      </testcase>
      <system-out><![CDATA[2023-11-24 14:44:36 - [TEST_SUITE][INCOMPLETE] - Visium Device 2: null]]></system-out>
      <system-err><![CDATA[2023-11-24 14:44:36 - [TEST_SUITE][INCOMPLETE] - Visium Device 2: null]]></system-err>
   </testsuite>
</testsuites>
