<?xml version="1.0" encoding="UTF-8"?>
<testsuites name="Visium Device 2" time="88.336" tests="1" failures="1" errors="0">
   <testsuite name="Visium Device 2" tests="1" failures="1" errors="0" time="88.336" skipped="0" timestamp="2023-11-24 11:49:13" hostname="macbook - 192.168.1.78" id="Test Suites/Visium Device 2">
      <properties>
         <property name="deviceName" value="9321f298"/>
         <property name="devicePlatform" value=""/>
         <property name="logFolder" value="/Users/macbook/Katalon Studio/Setup 2/Reports/20231124_114843/Visium Device 2/20231124_114846"/>
         <property name="logFiles" value="/Users/macbook/Katalon Studio/Setup 2/Reports/20231124_114843/Visium Device 2/20231124_114846/execution0.log"/>
         <property name="attachments" value="/Users/macbook/Katalon Studio/Setup 2/Reports/20231124_114843/Visium Device 2/20231124_114846/1700801434734.png"/>
         <property name="hostName" value="macbook - 192.168.1.78"/>
         <property name="hostAddress" value="127.0.0.1"/>
         <property name="remoteDriverUrl" value="https://farmdemo.visiumlabs.com/wd/hub"/>
         <property name="desiredCapabilities" value="{
  &quot;vf:accessKey&quot;: &quot;brian:54121be2-680f-4acc-b2fd-13228ce956f6&quot;,
  &quot;platformVersion&quot;: &quot;8.1.0&quot;,
  &quot;automationName&quot;: &quot;uiautomator2&quot;,
  &quot;vf:appId&quot;: &quot;3309883&quot;,
  &quot;platformName&quot;: &quot;ANDROID&quot;,
  &quot;udid&quot;: &quot;9321f298&quot;,
  &quot;deviceName&quot;: &quot;9321f298&quot;
}"/>
         <property name="os" value="Mac OS X 64bit"/>
         <property name="katalonVersion" value="8.6.8.208"/>
      </properties>
      <testcase name="Test Cases/TC01_Register Success - Device 2" time="88.139" classname="Test Cases/TC01_Register Success - Device 2" status="FAILED">
         <failure type="FAILED" message="Test Cases/TC01_Register Success - Device 2 FAILED.
Reason:
com.kms.katalon.core.exception.StepFailedException: Object Object Repository/Demo/Allergies - Text Input not found
	at com.kms.katalon.core.keyword.internal.KeywordMain.stepFailed(KeywordMain.groovy:51)
	at com.kms.katalon.core.mobile.keyword.internal.MobileKeywordMain.stepFailed(MobileKeywordMain.groovy:40)
	at com.kms.katalon.core.mobile.keyword.builtin.SetTextKeyword$_setText_closure1.doCall(SetTextKeyword.groovy:76)
	at com.kms.katalon.core.mobile.keyword.builtin.SetTextKeyword$_setText_closure1.call(SetTextKeyword.groovy)
	at com.kms.katalon.core.mobile.keyword.internal.MobileKeywordMain.runKeyword(MobileKeywordMain.groovy:21)
	at com.kms.katalon.core.mobile.keyword.builtin.SetTextKeyword.setText(SetTextKeyword.groovy:83)
	at com.kms.katalon.core.mobile.keyword.builtin.SetTextKeyword.execute(SetTextKeyword.groovy:66)
	at com.kms.katalon.core.keyword.internal.KeywordExecutor.executeKeywordForPlatform(KeywordExecutor.groovy:74)
	at com.kms.katalon.core.mobile.keyword.MobileBuiltInKeywords.setText(MobileBuiltInKeywords.groovy:1307)
	at com.kms.katalon.core.mobile.keyword.MobileBuiltInKeywords$setText$0.call(Unknown Source)
	at TC01_Register Success - Device 2.run(TC01_Register Success - Device 2:97)
	at com.kms.katalon.core.main.ScriptEngine.run(ScriptEngine.java:194)
	at com.kms.katalon.core.main.ScriptEngine.runScriptAsRawText(ScriptEngine.java:119)
	at com.kms.katalon.core.main.TestCaseExecutor.runScript(TestCaseExecutor.java:448)
	at com.kms.katalon.core.main.TestCaseExecutor.doExecute(TestCaseExecutor.java:439)
	at com.kms.katalon.core.main.TestCaseExecutor.processExecutionPhase(TestCaseExecutor.java:418)
	at com.kms.katalon.core.main.TestCaseExecutor.accessMainPhase(TestCaseExecutor.java:410)
	at com.kms.katalon.core.main.TestCaseExecutor.execute(TestCaseExecutor.java:285)
	at com.kms.katalon.core.common.CommonExecutor.accessTestCaseMainPhase(CommonExecutor.java:65)
	at com.kms.katalon.core.main.TestSuiteExecutor.accessTestSuiteMainPhase(TestSuiteExecutor.java:148)
	at com.kms.katalon.core.main.TestSuiteExecutor.execute(TestSuiteExecutor.java:106)
	at com.kms.katalon.core.main.TestCaseMain.startTestSuite(TestCaseMain.java:187)
	at com.kms.katalon.core.main.TestCaseMain$startTestSuite$0.call(Unknown Source)
	at TempTestSuite1700801326553.run(TempTestSuite1700801326553.groovy:36)
"/>
         <system-out><![CDATA[2023-11-24 11:49:14 - [TEST_CASE][FAILED] - Test Cases/TC01_Register Success - Device 2: Test Cases/TC01_Register Success - Device 2 FAILED.
Reason:
com.kms.katalon.core.exception.StepFailedException: Object Object Repository/Demo/Allergies - Text Input not found
	at com.kms.katalon.core.keyword.internal.KeywordMain.stepFailed(KeywordMain.groovy:51)
	at com.kms.katalon.core.mobile.keyword.internal.MobileKeywordMain.stepFailed(MobileKeywordMain.groovy:40)
	at com.kms.katalon.core.mobile.keyword.builtin.SetTextKeyword$_setText_closure1.doCall(SetTextKeyword.groovy:76)
	at com.kms.katalon.core.mobile.keyword.builtin.SetTextKeyword$_setText_closure1.call(SetTextKeyword.groovy)
	at com.kms.katalon.core.mobile.keyword.internal.MobileKeywordMain.runKeyword(MobileKeywordMain.groovy:21)
	at com.kms.katalon.core.mobile.keyword.builtin.SetTextKeyword.setText(SetTextKeyword.groovy:83)
	at com.kms.katalon.core.mobile.keyword.builtin.SetTextKeyword.execute(SetTextKeyword.groovy:66)
	at com.kms.katalon.core.keyword.internal.KeywordExecutor.executeKeywordForPlatform(KeywordExecutor.groovy:74)
	at com.kms.katalon.core.mobile.keyword.MobileBuiltInKeywords.setText(MobileBuiltInKeywords.groovy:1307)
	at com.kms.katalon.core.mobile.keyword.MobileBuiltInKeywords$setText$0.call(Unknown Source)
	at TC01_Register Success - Device 2.run(TC01_Register Success - Device 2:97)
	at com.kms.katalon.core.main.ScriptEngine.run(ScriptEngine.java:194)
	at com.kms.katalon.core.main.ScriptEngine.runScriptAsRawText(ScriptEngine.java:119)
	at com.kms.katalon.core.main.TestCaseExecutor.runScript(TestCaseExecutor.java:448)
	at com.kms.katalon.core.main.TestCaseExecutor.doExecute(TestCaseExecutor.java:439)
	at com.kms.katalon.core.main.TestCaseExecutor.processExecutionPhase(TestCaseExecutor.java:418)
	at com.kms.katalon.core.main.TestCaseExecutor.accessMainPhase(TestCaseExecutor.java:410)
	at com.kms.katalon.core.main.TestCaseExecutor.execute(TestCaseExecutor.java:285)
	at com.kms.katalon.core.common.CommonExecutor.accessTestCaseMainPhase(CommonExecutor.java:65)
	at com.kms.katalon.core.main.TestSuiteExecutor.accessTestSuiteMainPhase(TestSuiteExecutor.java:148)
	at com.kms.katalon.core.main.TestSuiteExecutor.execute(TestSuiteExecutor.java:106)
	at com.kms.katalon.core.main.TestCaseMain.startTestSuite(TestCaseMain.java:187)
	at com.kms.katalon.core.main.TestCaseMain$startTestSuite$0.call(Unknown Source)
	at TempTestSuite1700801326553.run(TempTestSuite1700801326553.groovy:36)


2023-11-24 11:49:14 - [TEST_STEP][PASSED] - visiumFarmHub = "https://farmdemo.visiumlabs.com/wd/hub": null

2023-11-24 11:49:14 - [TEST_STEP][PASSED] - capabilities = new org.openqa.selenium.remote.DesiredCapabilities(): null

2023-11-24 11:49:14 - [TEST_STEP][PASSED] - capabilities.setCapability("deviceName", "9321f298"): null

2023-11-24 11:49:14 - [TEST_STEP][PASSED] - capabilities.setCapability("automationName", "uiautomator2"): null

2023-11-24 11:49:14 - [TEST_STEP][PASSED] - capabilities.setCapability("platformVersion", "8.1.0"): null

2023-11-24 11:49:14 - [TEST_STEP][PASSED] - capabilities.setCapability("platformName", "ANDROID"): null

2023-11-24 11:49:14 - [TEST_STEP][PASSED] - capabilities.setCapability("udid", "9321f298"): null

2023-11-24 11:49:14 - [TEST_STEP][PASSED] - capabilities.setCapability("vf:accessKey", "brian:54121be2-680f-4acc-b2fd-13228ce956f6"): null

2023-11-24 11:49:14 - [TEST_STEP][PASSED] - capabilities.setCapability("vf:appId", "3309883"): null

2023-11-24 11:49:14 - [TEST_STEP][PASSED] - createMobileDriver(ANDROID_DRIVER, capabilities, new java.net.URL(visiumFarmHub)): Unable to get appium status. Root cause (null)

2023-11-24 11:49:37 - [MESSAGE][WARNING] - Unable to get appium status. Root cause (null)

2023-11-24 11:49:38 - [TEST_STEP][PASSED] - tap(findTestObject("Object Repository/android.widget.TextView"), 100): Tapped on element 'Object Repository/android.widget.TextView'

2023-11-24 11:49:46 - [MESSAGE][PASSED] - Tapped on element 'Object Repository/android.widget.TextView'

2023-11-24 11:49:46 - [TEST_STEP][PASSED] - setText(findTestObject("Object Repository/Demo/Name - Text Input"), "DDL AUTOMATION", 10): Text 'DDL AUTOMATION' has been set to element 'Object Repository/Demo/Name - Text Input'

2023-11-24 11:49:53 - [MESSAGE][PASSED] - Text 'DDL AUTOMATION' has been set to element 'Object Repository/Demo/Name - Text Input'

2023-11-24 11:49:53 - [TEST_STEP][PASSED] - setText(findTestObject("Object Repository/Demo/Phone - Text Input"), "0857623527283", 10): Text '0857623527283' has been set to element 'Object Repository/Demo/Phone - Text Input'

2023-11-24 11:50:00 - [MESSAGE][PASSED] - Text '0857623527283' has been set to element 'Object Repository/Demo/Phone - Text Input'

2023-11-24 11:50:00 - [TEST_STEP][PASSED] - setText(findTestObject("Object Repository/Demo/Alternate Phone - Text Input"), "0813623527283", 10): Text '0813623527283' has been set to element 'Object Repository/Demo/Alternate Phone - Text Input'

2023-11-24 11:50:07 - [MESSAGE][PASSED] - Text '0813623527283' has been set to element 'Object Repository/Demo/Alternate Phone - Text Input'

2023-11-24 11:50:07 - [TEST_STEP][PASSED] - setText(findTestObject("Object Repository/Demo/Email - Text Input"), "AUTOMATION@DDL.COM", 10): Text 'AUTOMATION@DDL.COM' has been set to element 'Object Repository/Demo/Email - Text Input'

2023-11-24 11:50:14 - [MESSAGE][PASSED] - Text 'AUTOMATION@DDL.COM' has been set to element 'Object Repository/Demo/Email - Text Input'

2023-11-24 11:50:14 - [TEST_STEP][PASSED] - setText(findTestObject("Object Repository/Demo/Alternate Email - Text Input"), "ROBOT@DDL.COM", 10): Text 'ROBOT@DDL.COM' has been set to element 'Object Repository/Demo/Alternate Email - Text Input'

2023-11-24 11:50:21 - [MESSAGE][PASSED] - Text 'ROBOT@DDL.COM' has been set to element 'Object Repository/Demo/Alternate Email - Text Input'

2023-11-24 11:50:21 - [TEST_STEP][FAILED] - setText(findTestObject("Object Repository/Demo/Allergies - Text Input"), "TEST AUTOMATION", 10): Failed to set text into element (Root cause: com.kms.katalon.core.exception.StepFailedException: Object Object Repository/Demo/Allergies - Text Input not found
	at com.kms.katalon.core.keyword.internal.KeywordMain.stepFailed(KeywordMain.groovy:51)
	at com.kms.katalon.core.mobile.keyword.internal.MobileKeywordMain.stepFailed(MobileKeywordMain.groovy:40)
	at com.kms.katalon.core.mobile.keyword.builtin.SetTextKeyword$_setText_closure1.doCall(SetTextKeyword.groovy:76)
	at com.kms.katalon.core.mobile.keyword.builtin.SetTextKeyword$_setText_closure1.call(SetTextKeyword.groovy)
	at com.kms.katalon.core.mobile.keyword.internal.MobileKeywordMain.runKeyword(MobileKeywordMain.groovy:21)
	at com.kms.katalon.core.mobile.keyword.builtin.SetTextKeyword.setText(SetTextKeyword.groovy:83)
	at com.kms.katalon.core.mobile.keyword.builtin.SetTextKeyword.execute(SetTextKeyword.groovy:66)
	at com.kms.katalon.core.keyword.internal.KeywordExecutor.executeKeywordForPlatform(KeywordExecutor.groovy:74)
	at com.kms.katalon.core.mobile.keyword.MobileBuiltInKeywords.setText(MobileBuiltInKeywords.groovy:1307)
	at com.kms.katalon.core.mobile.keyword.MobileBuiltInKeywords$setText$0.call(Unknown Source)
	at TC01_Register Success - Device 2.run(TC01_Register Success - Device 2:97)
	at com.kms.katalon.core.main.ScriptEngine.run(ScriptEngine.java:194)
	at com.kms.katalon.core.main.ScriptEngine.runScriptAsRawText(ScriptEngine.java:119)
	at com.kms.katalon.core.main.TestCaseExecutor.runScript(TestCaseExecutor.java:448)
	at com.kms.katalon.core.main.TestCaseExecutor.doExecute(TestCaseExecutor.java:439)
	at com.kms.katalon.core.main.TestCaseExecutor.processExecutionPhase(TestCaseExecutor.java:418)
	at com.kms.katalon.core.main.TestCaseExecutor.accessMainPhase(TestCaseExecutor.java:410)
	at com.kms.katalon.core.main.TestCaseExecutor.execute(TestCaseExecutor.java:285)
	at com.kms.katalon.core.common.CommonExecutor.accessTestCaseMainPhase(CommonExecutor.java:65)
	at com.kms.katalon.core.main.TestSuiteExecutor.accessTestSuiteMainPhase(TestSuiteExecutor.java:148)
	at com.kms.katalon.core.main.TestSuiteExecutor.execute(TestSuiteExecutor.java:106)
	at com.kms.katalon.core.main.TestCaseMain.startTestSuite(TestCaseMain.java:187)
	at com.kms.katalon.core.main.TestCaseMain$startTestSuite$0.call(Unknown Source)
	at TempTestSuite1700801326553.run(TempTestSuite1700801326553.groovy:36)
)

2023-11-24 11:50:34 - [MESSAGE][FAILED] - Object Object Repository/Demo/Allergies - Text Input not found

2023-11-24 11:50:42 - [MESSAGE][FAILED] - Failed to set text into element (Root cause: com.kms.katalon.core.exception.StepFailedException: Object Object Repository/Demo/Allergies - Text Input not found
	at com.kms.katalon.core.keyword.internal.KeywordMain.stepFailed(KeywordMain.groovy:51)
	at com.kms.katalon.core.mobile.keyword.internal.MobileKeywordMain.stepFailed(MobileKeywordMain.groovy:40)
	at com.kms.katalon.core.mobile.keyword.builtin.SetTextKeyword$_setText_closure1.doCall(SetTextKeyword.groovy:76)
	at com.kms.katalon.core.mobile.keyword.builtin.SetTextKeyword$_setText_closure1.call(SetTextKeyword.groovy)
	at com.kms.katalon.core.mobile.keyword.internal.MobileKeywordMain.runKeyword(MobileKeywordMain.groovy:21)
	at com.kms.katalon.core.mobile.keyword.builtin.SetTextKeyword.setText(SetTextKeyword.groovy:83)
	at com.kms.katalon.core.mobile.keyword.builtin.SetTextKeyword.execute(SetTextKeyword.groovy:66)
	at com.kms.katalon.core.keyword.internal.KeywordExecutor.executeKeywordForPlatform(KeywordExecutor.groovy:74)
	at com.kms.katalon.core.mobile.keyword.MobileBuiltInKeywords.setText(MobileBuiltInKeywords.groovy:1307)
	at com.kms.katalon.core.mobile.keyword.MobileBuiltInKeywords$setText$0.call(Unknown Source)
	at TC01_Register Success - Device 2.run(TC01_Register Success - Device 2:97)
	at com.kms.katalon.core.main.ScriptEngine.run(ScriptEngine.java:194)
	at com.kms.katalon.core.main.ScriptEngine.runScriptAsRawText(ScriptEngine.java:119)
	at com.kms.katalon.core.main.TestCaseExecutor.runScript(TestCaseExecutor.java:448)
	at com.kms.katalon.core.main.TestCaseExecutor.doExecute(TestCaseExecutor.java:439)
	at com.kms.katalon.core.main.TestCaseExecutor.processExecutionPhase(TestCaseExecutor.java:418)
	at com.kms.katalon.core.main.TestCaseExecutor.accessMainPhase(TestCaseExecutor.java:410)
	at com.kms.katalon.core.main.TestCaseExecutor.execute(TestCaseExecutor.java:285)
	at com.kms.katalon.core.common.CommonExecutor.accessTestCaseMainPhase(CommonExecutor.java:65)
	at com.kms.katalon.core.main.TestSuiteExecutor.accessTestSuiteMainPhase(TestSuiteExecutor.java:148)
	at com.kms.katalon.core.main.TestSuiteExecutor.execute(TestSuiteExecutor.java:106)
	at com.kms.katalon.core.main.TestCaseMain.startTestSuite(TestCaseMain.java:187)
	at com.kms.katalon.core.main.TestCaseMain$startTestSuite$0.call(Unknown Source)
	at TempTestSuite1700801326553.run(TempTestSuite1700801326553.groovy:36)
)
[[ATTACHMENT|/Users/macbook/Katalon Studio/Setup 2/Reports/20231124_114843/Visium Device 2/20231124_114846/1700801434734.png]]]]></system-out>
         <system-err><![CDATA[2023-11-24 11:49:14 - [TEST_CASE][FAILED] - Test Cases/TC01_Register Success - Device 2: Test Cases/TC01_Register Success - Device 2 FAILED.
Reason:
com.kms.katalon.core.exception.StepFailedException: Object Object Repository/Demo/Allergies - Text Input not found
	at com.kms.katalon.core.keyword.internal.KeywordMain.stepFailed(KeywordMain.groovy:51)
	at com.kms.katalon.core.mobile.keyword.internal.MobileKeywordMain.stepFailed(MobileKeywordMain.groovy:40)
	at com.kms.katalon.core.mobile.keyword.builtin.SetTextKeyword$_setText_closure1.doCall(SetTextKeyword.groovy:76)
	at com.kms.katalon.core.mobile.keyword.builtin.SetTextKeyword$_setText_closure1.call(SetTextKeyword.groovy)
	at com.kms.katalon.core.mobile.keyword.internal.MobileKeywordMain.runKeyword(MobileKeywordMain.groovy:21)
	at com.kms.katalon.core.mobile.keyword.builtin.SetTextKeyword.setText(SetTextKeyword.groovy:83)
	at com.kms.katalon.core.mobile.keyword.builtin.SetTextKeyword.execute(SetTextKeyword.groovy:66)
	at com.kms.katalon.core.keyword.internal.KeywordExecutor.executeKeywordForPlatform(KeywordExecutor.groovy:74)
	at com.kms.katalon.core.mobile.keyword.MobileBuiltInKeywords.setText(MobileBuiltInKeywords.groovy:1307)
	at com.kms.katalon.core.mobile.keyword.MobileBuiltInKeywords$setText$0.call(Unknown Source)
	at TC01_Register Success - Device 2.run(TC01_Register Success - Device 2:97)
	at com.kms.katalon.core.main.ScriptEngine.run(ScriptEngine.java:194)
	at com.kms.katalon.core.main.ScriptEngine.runScriptAsRawText(ScriptEngine.java:119)
	at com.kms.katalon.core.main.TestCaseExecutor.runScript(TestCaseExecutor.java:448)
	at com.kms.katalon.core.main.TestCaseExecutor.doExecute(TestCaseExecutor.java:439)
	at com.kms.katalon.core.main.TestCaseExecutor.processExecutionPhase(TestCaseExecutor.java:418)
	at com.kms.katalon.core.main.TestCaseExecutor.accessMainPhase(TestCaseExecutor.java:410)
	at com.kms.katalon.core.main.TestCaseExecutor.execute(TestCaseExecutor.java:285)
	at com.kms.katalon.core.common.CommonExecutor.accessTestCaseMainPhase(CommonExecutor.java:65)
	at com.kms.katalon.core.main.TestSuiteExecutor.accessTestSuiteMainPhase(TestSuiteExecutor.java:148)
	at com.kms.katalon.core.main.TestSuiteExecutor.execute(TestSuiteExecutor.java:106)
	at com.kms.katalon.core.main.TestCaseMain.startTestSuite(TestCaseMain.java:187)
	at com.kms.katalon.core.main.TestCaseMain$startTestSuite$0.call(Unknown Source)
	at TempTestSuite1700801326553.run(TempTestSuite1700801326553.groovy:36)]]></system-err>
      </testcase>
      <system-out><![CDATA[2023-11-24 11:49:13 - [TEST_SUITE][FAILED] - Visium Device 2: Test Cases/TC01_Register Success - Device 2 FAILED.
Reason:
com.kms.katalon.core.exception.StepFailedException: Object Object Repository/Demo/Allergies - Text Input not found
	at com.kms.katalon.core.keyword.internal.KeywordMain.stepFailed(KeywordMain.groovy:51)
	at com.kms.katalon.core.mobile.keyword.internal.MobileKeywordMain.stepFailed(MobileKeywordMain.groovy:40)
	at com.kms.katalon.core.mobile.keyword.builtin.SetTextKeyword$_setText_closure1.doCall(SetTextKeyword.groovy:76)
	at com.kms.katalon.core.mobile.keyword.builtin.SetTextKeyword$_setText_closure1.call(SetTextKeyword.groovy)
	at com.kms.katalon.core.mobile.keyword.internal.MobileKeywordMain.runKeyword(MobileKeywordMain.groovy:21)
	at com.kms.katalon.core.mobile.keyword.builtin.SetTextKeyword.setText(SetTextKeyword.groovy:83)
	at com.kms.katalon.core.mobile.keyword.builtin.SetTextKeyword.execute(SetTextKeyword.groovy:66)
	at com.kms.katalon.core.keyword.internal.KeywordExecutor.executeKeywordForPlatform(KeywordExecutor.groovy:74)
	at com.kms.katalon.core.mobile.keyword.MobileBuiltInKeywords.setText(MobileBuiltInKeywords.groovy:1307)
	at com.kms.katalon.core.mobile.keyword.MobileBuiltInKeywords$setText$0.call(Unknown Source)
	at TC01_Register Success - Device 2.run(TC01_Register Success - Device 2:97)
	at com.kms.katalon.core.main.ScriptEngine.run(ScriptEngine.java:194)
	at com.kms.katalon.core.main.ScriptEngine.runScriptAsRawText(ScriptEngine.java:119)
	at com.kms.katalon.core.main.TestCaseExecutor.runScript(TestCaseExecutor.java:448)
	at com.kms.katalon.core.main.TestCaseExecutor.doExecute(TestCaseExecutor.java:439)
	at com.kms.katalon.core.main.TestCaseExecutor.processExecutionPhase(TestCaseExecutor.java:418)
	at com.kms.katalon.core.main.TestCaseExecutor.accessMainPhase(TestCaseExecutor.java:410)
	at com.kms.katalon.core.main.TestCaseExecutor.execute(TestCaseExecutor.java:285)
	at com.kms.katalon.core.common.CommonExecutor.accessTestCaseMainPhase(CommonExecutor.java:65)
	at com.kms.katalon.core.main.TestSuiteExecutor.accessTestSuiteMainPhase(TestSuiteExecutor.java:148)
	at com.kms.katalon.core.main.TestSuiteExecutor.execute(TestSuiteExecutor.java:106)
	at com.kms.katalon.core.main.TestCaseMain.startTestSuite(TestCaseMain.java:187)
	at com.kms.katalon.core.main.TestCaseMain$startTestSuite$0.call(Unknown Source)
	at TempTestSuite1700801326553.run(TempTestSuite1700801326553.groovy:36)]]></system-out>
      <system-err><![CDATA[2023-11-24 11:49:13 - [TEST_SUITE][FAILED] - Visium Device 2: Test Cases/TC01_Register Success - Device 2 FAILED.
Reason:
com.kms.katalon.core.exception.StepFailedException: Object Object Repository/Demo/Allergies - Text Input not found
	at com.kms.katalon.core.keyword.internal.KeywordMain.stepFailed(KeywordMain.groovy:51)
	at com.kms.katalon.core.mobile.keyword.internal.MobileKeywordMain.stepFailed(MobileKeywordMain.groovy:40)
	at com.kms.katalon.core.mobile.keyword.builtin.SetTextKeyword$_setText_closure1.doCall(SetTextKeyword.groovy:76)
	at com.kms.katalon.core.mobile.keyword.builtin.SetTextKeyword$_setText_closure1.call(SetTextKeyword.groovy)
	at com.kms.katalon.core.mobile.keyword.internal.MobileKeywordMain.runKeyword(MobileKeywordMain.groovy:21)
	at com.kms.katalon.core.mobile.keyword.builtin.SetTextKeyword.setText(SetTextKeyword.groovy:83)
	at com.kms.katalon.core.mobile.keyword.builtin.SetTextKeyword.execute(SetTextKeyword.groovy:66)
	at com.kms.katalon.core.keyword.internal.KeywordExecutor.executeKeywordForPlatform(KeywordExecutor.groovy:74)
	at com.kms.katalon.core.mobile.keyword.MobileBuiltInKeywords.setText(MobileBuiltInKeywords.groovy:1307)
	at com.kms.katalon.core.mobile.keyword.MobileBuiltInKeywords$setText$0.call(Unknown Source)
	at TC01_Register Success - Device 2.run(TC01_Register Success - Device 2:97)
	at com.kms.katalon.core.main.ScriptEngine.run(ScriptEngine.java:194)
	at com.kms.katalon.core.main.ScriptEngine.runScriptAsRawText(ScriptEngine.java:119)
	at com.kms.katalon.core.main.TestCaseExecutor.runScript(TestCaseExecutor.java:448)
	at com.kms.katalon.core.main.TestCaseExecutor.doExecute(TestCaseExecutor.java:439)
	at com.kms.katalon.core.main.TestCaseExecutor.processExecutionPhase(TestCaseExecutor.java:418)
	at com.kms.katalon.core.main.TestCaseExecutor.accessMainPhase(TestCaseExecutor.java:410)
	at com.kms.katalon.core.main.TestCaseExecutor.execute(TestCaseExecutor.java:285)
	at com.kms.katalon.core.common.CommonExecutor.accessTestCaseMainPhase(CommonExecutor.java:65)
	at com.kms.katalon.core.main.TestSuiteExecutor.accessTestSuiteMainPhase(TestSuiteExecutor.java:148)
	at com.kms.katalon.core.main.TestSuiteExecutor.execute(TestSuiteExecutor.java:106)
	at com.kms.katalon.core.main.TestCaseMain.startTestSuite(TestCaseMain.java:187)
	at com.kms.katalon.core.main.TestCaseMain$startTestSuite$0.call(Unknown Source)
	at TempTestSuite1700801326553.run(TempTestSuite1700801326553.groovy:36)]]></system-err>
   </testsuite>
</testsuites>
